<?xml version="1.0" encoding="UTF-8"?>
<testng-results ignored="0" total="3" passed="3" failed="0" skipped="0">
  <reporter-output>
  </reporter-output>
  <suite started-at="2023-06-08T22:30:50 IST" name="Suite" finished-at="2023-06-08T22:32:38 IST" duration-ms="107721">
    <groups>
      <group name="cucumber">
        <method signature="AbstractTestNGCucumberTests.runScenario(io.cucumber.testng.PickleWrapper,io.cucumber.testng.FeatureWrapper)[pri:0, instance:testrunner.LoginPage_TestRunner@5562c41e]" name="runScenario" class="io.cucumber.testng.AbstractTestNGCucumberTests"/>
      </group> <!-- cucumber -->
    </groups>
    <test started-at="2023-06-08T22:30:50 IST" name="Testng.xml" finished-at="2023-06-08T22:32:38 IST" duration-ms="107721">
      <class name="testrunner.LoginPage_TestRunner">
        <test-method is-config="true" signature="setUpClass(org.testng.ITestContext)[pri:0, instance:testrunner.LoginPage_TestRunner@5562c41e]" started-at="2023-06-08T22:30:50 IST" name="setUpClass" finished-at="2023-06-08T22:30:52 IST" duration-ms="1565" status="PASS">
          <params>
            <param index="0">
              <value>
                <![CDATA[org.testng.TestRunner@30a9e3db]]>
              </value>
            </param>
          </params>
          <reporter-output>
          </reporter-output>
        </test-method> <!-- setUpClass -->
        <test-method signature="runScenario(io.cucumber.testng.PickleWrapper,io.cucumber.testng.FeatureWrapper)[pri:0, instance:testrunner.LoginPage_TestRunner@5562c41e]" started-at="2023-06-08T22:30:52 IST" name="runScenario" description="Runs Cucumber Scenarios" data-provider="scenarios" finished-at="2023-06-08T22:31:17 IST" duration-ms="25721" status="PASS">
          <params>
            <param index="0">
              <value>
                <![CDATA["    UI"]]>
              </value>
            </param>
            <param index="1">
              <value>
                <![CDATA["login1"]]>
              </value>
            </param>
          </params>
          <reporter-output>
          </reporter-output>
        </test-method> <!-- runScenario -->
        <test-method signature="runScenario(io.cucumber.testng.PickleWrapper,io.cucumber.testng.FeatureWrapper)[pri:0, instance:testrunner.LoginPage_TestRunner@5562c41e]" started-at="2023-06-08T22:31:17 IST" name="runScenario" description="Runs Cucumber Scenarios" data-provider="scenarios" finished-at="2023-06-08T22:31:40 IST" duration-ms="22761" status="PASS">
          <params>
            <param index="0">
              <value>
                <![CDATA["    Field validation"]]>
              </value>
            </param>
            <param index="1">
              <value>
                <![CDATA["login1"]]>
              </value>
            </param>
          </params>
          <reporter-output>
          </reporter-output>
        </test-method> <!-- runScenario -->
        <test-method signature="runScenario(io.cucumber.testng.PickleWrapper,io.cucumber.testng.FeatureWrapper)[pri:0, instance:testrunner.LoginPage_TestRunner@5562c41e]" started-at="2023-06-08T22:31:40 IST" name="runScenario" description="Runs Cucumber Scenarios" data-provider="scenarios" finished-at="2023-06-08T22:32:37 IST" duration-ms="57376" status="PASS">
          <params>
            <param index="0">
              <value>
                <![CDATA["    Main functionality"]]>
              </value>
            </param>
            <param index="1">
              <value>
                <![CDATA["login1"]]>
              </value>
            </param>
          </params>
          <reporter-output>
          </reporter-output>
        </test-method> <!-- runScenario -->
        <test-method is-config="true" signature="tearDownClass()[pri:0, instance:testrunner.LoginPage_TestRunner@5562c41e]" started-at="2023-06-08T22:32:37 IST" name="tearDownClass" finished-at="2023-06-08T22:32:38 IST" duration-ms="180" status="PASS">
          <reporter-output>
          </reporter-output>
        </test-method> <!-- tearDownClass -->
      </class> <!-- testrunner.LoginPage_TestRunner -->
    </test> <!-- Testng.xml -->
  </suite> <!-- Suite -->
</testng-results>
