<?xml version="1.0" encoding="UTF-8"?>
<testsuite xmlns:xsi="http://www.w3.org/2001/XMLSchema-instance" xsi:noNamespaceSchemaLocation="https://maven.apache.org/surefire/maven-surefire-plugin/xsd/surefire-test-report.xsd" name="TestSuite" time="109.205" tests="3" errors="0" skipped="0" failures="0">
  <properties>
[...]
</properties>
  <testcase name="runScenario" classname="testrunner.LoginPage_TestRunner" time="25.724"/>
  <testcase name="runScenario" classname="testrunner.LoginPage_TestRunner" time="22.76"/>
  <testcase name="runScenario" classname="testrunner.LoginPage_TestRunner" time="57.38"/>
</testsuite>