<?xml version="1.0" encoding="UTF-8"?>
<testng-results ignored="0" total="2" passed="2" failed="0" skipped="0">
  <reporter-output>
  </reporter-output>
  <suite started-at="2023-06-07T18:31:43 IST" name="Default suite" finished-at="2023-06-07T18:33:13 IST" duration-ms="90023">
    <groups>
      <group name="cucumber">
        <method signature="AbstractTestNGCucumberTests.runScenario(io.cucumber.testng.PickleWrapper,io.cucumber.testng.FeatureWrapper)[pri:0, instance:testrunner.LoginPage_TestRunner2@16eb3ea3]" name="runScenario" class="io.cucumber.testng.AbstractTestNGCucumberTests"/>
      </group> <!-- cucumber -->
    </groups>
    <test started-at="2023-06-07T18:31:43 IST" name="Default test" finished-at="2023-06-07T18:33:13 IST" duration-ms="90023">
      <class name="testrunner.LoginPage_TestRunner2">
        <test-method is-config="true" signature="setUpClass(org.testng.ITestContext)[pri:0, instance:testrunner.LoginPage_TestRunner2@16eb3ea3]" started-at="2023-06-07T18:31:43 IST" name="setUpClass" finished-at="2023-06-07T18:31:44 IST" duration-ms="992" status="PASS">
          <params>
            <param index="0">
              <value>
                <![CDATA[org.testng.TestRunner@2da81754]]>
              </value>
            </param>
          </params>
          <reporter-output>
          </reporter-output>
        </test-method> <!-- setUpClass -->
        <test-method signature="runScenario(io.cucumber.testng.PickleWrapper,io.cucumber.testng.FeatureWrapper)[pri:0, instance:testrunner.LoginPage_TestRunner2@16eb3ea3]" started-at="2023-06-07T18:31:44 IST" name="runScenario" description="Runs Cucumber Scenarios" data-provider="scenarios" finished-at="2023-06-07T18:32:24 IST" duration-ms="39742" status="PASS">
          <params>
            <param index="0">
              <value>
                <![CDATA["Verify MagicBricksApp login functionality with invalid emailid"]]>
              </value>
            </param>
            <param index="1">
              <value>
                <![CDATA["login2"]]>
              </value>
            </param>
          </params>
          <reporter-output>
          </reporter-output>
        </test-method> <!-- runScenario -->
        <test-method signature="runScenario(io.cucumber.testng.PickleWrapper,io.cucumber.testng.FeatureWrapper)[pri:0, instance:testrunner.LoginPage_TestRunner2@16eb3ea3]" started-at="2023-06-07T18:32:24 IST" name="runScenario" description="Runs Cucumber Scenarios" data-provider="scenarios" finished-at="2023-06-07T18:33:13 IST" duration-ms="49096" status="PASS">
          <params>
            <param index="0">
              <value>
                <![CDATA["Verify MagicBricksApp login functionality with invalid password"]]>
              </value>
            </param>
            <param index="1">
              <value>
                <![CDATA["login2"]]>
              </value>
            </param>
          </params>
          <reporter-output>
          </reporter-output>
        </test-method> <!-- runScenario -->
        <test-method is-config="true" signature="tearDownClass()[pri:0, instance:testrunner.LoginPage_TestRunner2@16eb3ea3]" started-at="2023-06-07T18:33:13 IST" name="tearDownClass" finished-at="2023-06-07T18:33:13 IST" duration-ms="126" status="PASS">
          <reporter-output>
          </reporter-output>
        </test-method> <!-- tearDownClass -->
      </class> <!-- testrunner.LoginPage_TestRunner2 -->
    </test> <!-- Default test -->
  </suite> <!-- Default suite -->
</testng-results>
